[09/21/2022 13:52:41] Debug: Session id: b60afcdb-32b0-4a64-a0dc-405a48343bf8
[09/21/2022 13:52:41] Debug: Code Processor information: Name :SnowConvert, Version: 9.0.49.0
[09/21/2022 13:52:42] Debug: Getting license
[09/21/2022 13:52:42] Debug: License information
	Status: Failed
	Message: No active license available.
[09/21/2022 13:52:42] Info: Starting to validate parameters
[09/21/2022 13:52:42] Info: Parameters to validate: 
	Execution mode: Conversion
	LICENSE_KEY: a3372138-b87e-4a08-b929-3b48b24c63f1
[09/21/2022 13:52:42] Info: Validation of parameters: Success
[09/21/2022 13:52:42] Debug: Getting code descriptor
[09/21/2022 13:52:42] Debug: Code descriptor information
	Units: 51
	Units type: LOC
	All file bytes: 2141
	All found extensions: .sql,.dml,.ddl,.bteq,.btq,.fl,.fload,.ml,.mload,.mld,.tp,.tpump,.tpt
[09/21/2022 13:52:42] Debug: Calculating fingerprint
[09/21/2022 13:52:42] Debug: Fingerprint information Fingerprint(size=2141,projects=1)
[09/21/2022 13:52:42] Info: Starting to try to validate online license for execution
[09/21/2022 13:52:43] Debug: Getting license
[09/21/2022 13:52:43] Debug: License information
	Status: Failed
	Message: No active license available.
[09/21/2022 13:52:43] Debug: Starting the execution of the controller
[09/21/2022 13:52:44] Debug: Executing the worker: SnowConvert
[09/21/2022 13:52:55] Debug: Finished executing the worker: SnowConvert
[09/21/2022 13:52:57] Info: Controller execution ended
